<?xml version="1.0" encoding="UTF-8"?>
<!-- Generated by org.testng.reporters.JUnitReportReporter -->
<testsuite skipped="0" hostname="LAPTOP-PS7N2T8T" name="runner.CucumberRunner" tests="8" failures="0" timestamp="2022-07-02T14:10:47 IST" time="78.119" errors="0">
  <testcase name="runScenario" time="18.583" classname="runner.CucumberRunner"/>
  <system-out/>
  <testcase name="runScenario" time="5.420" classname="runner.CucumberRunner"/>
  <system-out/>
  <testcase name="runScenario" time="4.975" classname="runner.CucumberRunner"/>
  <system-out/>
  <testcase name="runScenario" time="13.169" classname="runner.CucumberRunner"/>
  <system-out/>
  <testcase name="runScenario" time="5.242" classname="runner.CucumberRunner"/>
  <system-out/>
  <testcase name="runScenario" time="7.274" classname="runner.CucumberRunner"/>
  <system-out/>
  <testcase name="runScenario" time="5.370" classname="runner.CucumberRunner"/>
  <system-out/>
  <testcase name="runScenario" time="18.086" classname="runner.CucumberRunner"/>
  <system-out/>
</testsuite> <!-- runner.CucumberRunner -->
